<?xml version="1.0" encoding="UTF-8" ?>
<testsuite failures="0" time="1.859" errors="0" skipped="0" tests="1" name="com.plainvanilla.AppTests">
  <properties>
    <property name="java.runtime.name" value="Java(TM) SE Runtime Environment"/>
    <property name="sun.boot.library.path" value="D:\apps\java\jre\bin"/>
    <property name="java.vm.version" value="20.5-b03"/>
    <property name="java.vm.vendor" value="Sun Microsystems Inc."/>
    <property name="java.vendor.url" value="http://java.sun.com/"/>
    <property name="path.separator" value=";"/>
    <property name="guice.disable.misplaced.annotation.check" value="true"/>
    <property name="java.vm.name" value="Java HotSpot(TM) Client VM"/>
    <property name="file.encoding.pkg" value="sun.io"/>
    <property name="user.country" value="GB"/>
    <property name="sun.java.launcher" value="SUN_STANDARD"/>
    <property name="sun.os.patch.level" value="Service Pack 3"/>
    <property name="java.vm.specification.name" value="Java Virtual Machine Specification"/>
    <property name="user.dir" value="C:\WINDOWS\Profiles\GA2BEGS\IdeaProjects\vipbazaar"/>
    <property name="java.runtime.version" value="1.6.0_30-b12"/>
    <property name="java.awt.graphicsenv" value="sun.awt.Win32GraphicsEnvironment"/>
    <property name="java.endorsed.dirs" value="D:\apps\java\jre\lib\endorsed"/>
    <property name="os.arch" value="x86"/>
    <property name="java.io.tmpdir" value="C:\WINDOWS\Profiles\GA2BEGS\LOCALS~1\Temp\"/>
    <property name="line.separator" value="
"/>
    <property name="java.vm.specification.vendor" value="Sun Microsystems Inc."/>
    <property name="user.variant" value=""/>
    <property name="os.name" value="Windows XP"/>
    <property name="classworlds.conf" value="D:\apps\maven3\bin\m2.conf"/>
    <property name="sun.jnu.encoding" value="Cp1252"/>
    <property name="java.library.path" value="D:\apps\java\bin;C:\WINDOWS\Sun\Java\bin;C:\WINDOWS\system32;C:\WINDOWS;C:\WINDOWS\Profiles\GA2BEGS\Application Data\JetBrains\IntelliJ IDEA 12.1.4\bin\..\.\bin;C:\Program Files\Mozilla Firefox;C:\WINDOWS\system32;C:\WINDOWS;C:\WINDOWS\System32\Wbem;D:\apps\java\bin;C:\Program Files\Windows Imaging\;C:\Program Files\NetManage\System;C:\Program Files\NetManage\;C:\Program Files\NetManage\rss;D:\apps\maven3\bin;D:\apps\ant/bin;C:\Program Files\Rational\common;C:\Program Files\Rational\ClearCase\bin;C:\Program Files\Smart Projects\IsoBuster;C:\Program Files\TortoiseSVN\bin;C:\Program Files\Git\cmd;C:\Program Files\Enterprise Vault\EVClient\;C:\WINDOWS\system32\WindowsPowerShell\v1.0;D:\apps\groovy\Groovy-2.0.5\bin;D:\apps\grails\bin;c:\windows\profiles\ga2begs\application data\jetbrains\intellij idea 12.1.4\jre\jre\bin;."/>
    <property name="java.specification.name" value="Java Platform API Specification"/>
    <property name="java.class.version" value="50.0"/>
    <property name="sun.management.compiler" value="HotSpot Client Compiler"/>
    <property name="os.version" value="5.1"/>
    <property name="user.home" value="C:\WINDOWS\Profiles\GA2BEGS"/>
    <property name="user.timezone" value="Europe/Prague"/>
    <property name="java.awt.printerjob" value="sun.awt.windows.WPrinterJob"/>
    <property name="file.encoding" value="UTF-8"/>
    <property name="java.specification.version" value="1.6"/>
    <property name="user.name" value="ga2begs"/>
    <property name="java.class.path" value="D:\apps\maven3\boot\plexus-classworlds-2.4.jar"/>
    <property name="java.vm.specification.version" value="1.0"/>
    <property name="sun.arch.data.model" value="32"/>
    <property name="java.home" value="D:\apps\java\jre"/>
    <property name="sun.java.command" value="org.codehaus.classworlds.Launcher --fail-fast --strict-checksums -s D:\apps\maven\m2\conf\settings.xml install"/>
    <property name="java.specification.vendor" value="Sun Microsystems Inc."/>
    <property name="user.language" value="en"/>
    <property name="awt.toolkit" value="sun.awt.windows.WToolkit"/>
    <property name="java.vm.info" value="mixed mode"/>
    <property name="java.version" value="1.6.0_30"/>
    <property name="java.ext.dirs" value="D:\apps\java\jre\lib\ext;C:\WINDOWS\Sun\Java\lib\ext"/>
    <property name="sun.boot.class.path" value="D:\apps\java\jre\lib\resources.jar;D:\apps\java\jre\lib\rt.jar;D:\apps\java\jre\lib\sunrsasign.jar;D:\apps\java\jre\lib\jsse.jar;D:\apps\java\jre\lib\jce.jar;D:\apps\java\jre\lib\charsets.jar;D:\apps\java\jre\lib\modules\jdk.boot.jar;D:\apps\java\jre\classes"/>
    <property name="java.vendor" value="Sun Microsystems Inc."/>
    <property name="maven.home" value="D:\apps\maven3"/>
    <property name="file.separator" value="\"/>
    <property name="java.vendor.url.bug" value="http://java.sun.com/cgi-bin/bugreport.cgi"/>
    <property name="sun.cpu.endian" value="little"/>
    <property name="sun.io.unicode.encoding" value="UnicodeLittle"/>
    <property name="sun.desktop" value="windows"/>
    <property name="sun.cpu.isalist" value="pentium_pro+mmx pentium_pro pentium+mmx pentium i486 i386 i86"/>
  </properties>
  <testcase time="1.375" classname="com.plainvanilla.AppTests" name="simple"/>
</testsuite>